Logfile initialized
[INFO] logfile = /home/ciropom/titanium-lav/LAV_warning/build.log
[DEBUG] /home/ciropom/.titanium/mobilesdk/linux/1.7.2/android/builder.py run /home/ciropom/titanium-lav/LAV_warning /opt/android-sdk/
[INFO] Titanium SDK version: 1.7.2 (07/21/11 09:36 97c3689)
[DEBUG] Waiting for device to be ready ...
[TRACE] adb devices returned 2 devices/emulators
[DEBUG] Device connected... (waited 0 seconds)
[DEBUG] waited 5.012248 seconds on emulator to get ready
[INFO] Waiting for the Android Emulator to become available
[DEBUG] it.lav.warning installed? True
[WARN] Fastdev enabled, but server isn't running, deploying normally
[INFO] Copying project resources..
[TRACE] COPYING MODIFIED FILE: /home/ciropom/titanium-lav/LAV_warning/Resources/new_warning.js => /home/ciropom/titanium-lav/LAV_warning/build/android/bin/assets/Resources/new_warning.js
[TRACE] Generating Java Classes
[DEBUG] Processing Android resource drawables
[DEBUG] copying app icon: /home/ciropom/titanium-lav/LAV_warning/build/android/bin/assets/Resources/appicon.png
[DEBUG] generating theme.xml
[DEBUG] found drawable-notlong-port-mdpi splash screen at /home/ciropom/titanium-lav/LAV_warning/Resources/android/images/res-notlong-port-mdpi/default.png
[DEBUG] copying /home/ciropom/titanium-lav/LAV_warning/Resources/android/images/res-notlong-port-mdpi/default.png splash screen to /home/ciropom/titanium-lav/LAV_warning/build/android/res/drawable-notlong-port-mdpi/background.png
[DEBUG] found drawable-long-land-hdpi splash screen at /home/ciropom/titanium-lav/LAV_warning/Resources/android/images/res-long-land-hdpi/default.png
[DEBUG] copying /home/ciropom/titanium-lav/LAV_warning/Resources/android/images/res-long-land-hdpi/default.png splash screen to /home/ciropom/titanium-lav/LAV_warning/build/android/res/drawable-long-land-hdpi/background.png
[DEBUG] found drawable-notlong-land-ldpi splash screen at /home/ciropom/titanium-lav/LAV_warning/Resources/android/images/res-notlong-land-ldpi/default.png
[DEBUG] copying /home/ciropom/titanium-lav/LAV_warning/Resources/android/images/res-notlong-land-ldpi/default.png splash screen to /home/ciropom/titanium-lav/LAV_warning/build/android/res/drawable-notlong-land-ldpi/background.png
[DEBUG] found drawable-long-land-ldpi splash screen at /home/ciropom/titanium-lav/LAV_warning/Resources/android/images/res-long-land-ldpi/default.png
[DEBUG] copying /home/ciropom/titanium-lav/LAV_warning/Resources/android/images/res-long-land-ldpi/default.png splash screen to /home/ciropom/titanium-lav/LAV_warning/build/android/res/drawable-long-land-ldpi/background.png
[DEBUG] found drawable-long-port-hdpi splash screen at /home/ciropom/titanium-lav/LAV_warning/Resources/android/images/res-long-port-hdpi/default.png
[DEBUG] copying /home/ciropom/titanium-lav/LAV_warning/Resources/android/images/res-long-port-hdpi/default.png splash screen to /home/ciropom/titanium-lav/LAV_warning/build/android/res/drawable-long-port-hdpi/background.png
[DEBUG] found drawable-notlong-land-hdpi splash screen at /home/ciropom/titanium-lav/LAV_warning/Resources/android/images/res-notlong-land-hdpi/default.png
[DEBUG] copying /home/ciropom/titanium-lav/LAV_warning/Resources/android/images/res-notlong-land-hdpi/default.png splash screen to /home/ciropom/titanium-lav/LAV_warning/build/android/res/drawable-notlong-land-hdpi/background.png
[DEBUG] found drawable-notlong-port-ldpi splash screen at /home/ciropom/titanium-lav/LAV_warning/Resources/android/images/res-notlong-port-ldpi/default.png
[DEBUG] copying /home/ciropom/titanium-lav/LAV_warning/Resources/android/images/res-notlong-port-ldpi/default.png splash screen to /home/ciropom/titanium-lav/LAV_warning/build/android/res/drawable-notlong-port-ldpi/background.png
[DEBUG] found drawable-long-port-ldpi splash screen at /home/ciropom/titanium-lav/LAV_warning/Resources/android/images/res-long-port-ldpi/default.png
[DEBUG] copying /home/ciropom/titanium-lav/LAV_warning/Resources/android/images/res-long-port-ldpi/default.png splash screen to /home/ciropom/titanium-lav/LAV_warning/build/android/res/drawable-long-port-ldpi/background.png
[DEBUG] found drawable-notlong-port-hdpi splash screen at /home/ciropom/titanium-lav/LAV_warning/Resources/android/images/res-notlong-port-hdpi/default.png
[DEBUG] copying /home/ciropom/titanium-lav/LAV_warning/Resources/android/images/res-notlong-port-hdpi/default.png splash screen to /home/ciropom/titanium-lav/LAV_warning/build/android/res/drawable-notlong-port-hdpi/background.png
[DEBUG] found drawable-notlong-land-mdpi splash screen at /home/ciropom/titanium-lav/LAV_warning/Resources/android/images/res-notlong-land-mdpi/default.png
[DEBUG] copying /home/ciropom/titanium-lav/LAV_warning/Resources/android/images/res-notlong-land-mdpi/default.png splash screen to /home/ciropom/titanium-lav/LAV_warning/build/android/res/drawable-notlong-land-mdpi/background.png
[DEBUG] found splash screen at /home/ciropom/titanium-lav/LAV_warning/build/android/bin/assets/Resources/default.png
[TRACE] Writing out AndroidManifest.xml
[DEBUG] adding /home/ciropom/titanium-lav/LAV_warning/build/android/gen/it/lav/warning/Lav_warningApplication.java to javac build list
[DEBUG] adding /home/ciropom/titanium-lav/LAV_warning/build/android/gen/it/lav/warning/Lav_warningActivity.java to javac build list
[DEBUG] adding /home/ciropom/titanium-lav/LAV_warning/build/android/gen/it/lav/warning/R.java to javac build list
[DEBUG] adding /home/ciropom/titanium-lav/LAV_warning/build/android/gen/it/lav/warning/Lav_warningAppInfo.java to javac build list
[DEBUG] Building Java Sources: "/home/ciropom/titanium-lav/LAV_warning/build/android/gen/it/lav/warning/Lav_warningApplication.java" "/home/ciropom/titanium-lav/LAV_warning/build/android/gen/it/lav/warning/Lav_warningActivity.java" "/home/ciropom/titanium-lav/LAV_warning/build/android/gen/it/lav/warning/R.java" "/home/ciropom/titanium-lav/LAV_warning/build/android/gen/it/lav/warning/Lav_warningAppInfo.java"
[INFO] Waiting for SDCard to become available..
[INFO] Compiling Android Resources... This could take some time
